OpenCVAndroidBoilerplate/proguard/seeds.txt
org.opencv.ml.CvSVMParams
org.opencv.ml.CvSVMParams: long CvSVMParams_0()
org.opencv.ml.CvSVMParams: int get_svm_type_0(long)
org.opencv.ml.CvSVMParams: void set_svm_type_0(long,int)
org.opencv.ml.CvSVMParams: int get_kernel_type_0(long)
org.opencv.ml.CvSVMParams: void set_kernel_type_0(long,int)
org.opencv.ml.CvSVMParams: double get_degree_0(long)
org.opencv.ml.CvSVMParams: void set_degree_0(long,double)
org.opencv.ml.CvSVMParams: double get_gamma_0(long)
org.opencv.ml.CvSVMParams: void set_gamma_0(long,double)
org.opencv.ml.CvSVMParams: double get_coef0_0(long)
org.opencv.ml.CvSVMParams: void set_coef0_0(long,double)
org.opencv.ml.CvSVMParams: double get_C_0(long)
org.opencv.ml.CvSVMParams: void set_C_0(long,double)
org.opencv.ml.CvSVMParams: double get_nu_0(long)
org.opencv.ml.CvSVMParams: void set_nu_0(long,double)
org.opencv.ml.CvSVMParams: double get_p_0(long)
org.opencv.ml.CvSVMParams: void set_p_0(long,double)
org.opencv.ml.CvSVMParams: double[] get_term_crit_0(long)
org.opencv.ml.CvSVMParams: void set_term_crit_0(long,int,int,double)
org.opencv.ml.CvSVMParams: void delete(long)
org.opencv.ml.CvStatModel
org.opencv.ml.CvStatModel: void load_0(long,java.lang.String,java.lang.String)
org.opencv.ml.CvStatModel: void load_1(long,java.lang.String)
org.opencv.ml.CvStatModel: void save_0(long,java.lang.String,java.lang.String)
org.opencv.ml.CvStatModel: void save_1(long,java.lang.String)
org.opencv.ml.CvStatModel: void delete(long)
org.opencv.ml.EM
org.opencv.ml.EM: long EM_0(int,int,int,int,double)
org.opencv.ml.EM: long EM_1()
org.opencv.ml.EM: void clear_0(long)
org.opencv.ml.EM: boolean isTrained_0(long)
org.opencv.ml.EM: double[] predict_0(long,long,long)
org.opencv.ml.EM: double[] predict_1(long,long)
org.opencv.ml.EM: boolean train_0(long,long,long,long,long)
org.opencv.ml.EM: boolean train_1(long,long)
org.opencv.ml.EM: boolean trainE_0(long,long,long,long,long,long,long,long)
org.opencv.ml.EM: boolean trainE_1(long,long,long)
org.opencv.ml.EM: boolean trainM_0(long,long,long,long,long,long)
org.opencv.ml.EM: boolean trainM_1(long,long,long)
org.opencv.ml.EM: void delete(long)
org.opencv.objdetect.CascadeClassifier
org.opencv.objdetect.CascadeClassifier: long CascadeClassifier_0()
org.opencv.objdetect.CascadeClassifier: long CascadeClassifier_1(java.lang.String)
org.opencv.objdetect.CascadeClassifier: void detectMultiScale_0(long,long,long,double,int,int,double,double,double,double)
org.opencv.objdetect.CascadeClassifier: void detectMultiScale_1(long,long,long)
org.opencv.objdetect.CascadeClassifier: void detectMultiScale_2(long,long,long,long,long,double,int,int,double,double,double,double,boolean)
org.opencv.objdetect.CascadeClassifier: void detectMultiScale_3(long,long,long,long,long)
org.opencv.objdetect.CascadeClassifier: boolean empty_0(long)
org.opencv.objdetect.CascadeClassifier: boolean load_0(long,java.lang.String)
org.opencv.objdetect.CascadeClassifier: void delete(long)