OpenCVAndroidBoilerplate/proguard/mapping.txt
org.opencv.core.Scalar -> org.opencv.core.v:
    double[] val -> a
    50:57:void set(double[]) -> a
    60:60:org.opencv.core.Scalar all(double) -> a
    64:64:org.opencv.core.Scalar clone() -> a
    68:68:org.opencv.core.Scalar mul(org.opencv.core.Scalar,double) -> a
    73:73:org.opencv.core.Scalar mul(org.opencv.core.Scalar) -> a
    77:77:org.opencv.core.Scalar conj() -> b
    81:81:boolean isReal() -> c
    86:89:int hashCode() -> hashCode
    94:98:boolean equals(java.lang.Object) -> equals
    103:103:java.lang.String toString() -> toString
    1:1:java.lang.Object clone() -> clone
org.opencv.core.Size -> org.opencv.core.w:
    double width -> a
    double height -> b
    45:52:void set(double[]) -> a
    55:55:double area() -> a
    59:59:org.opencv.core.Size clone() -> b
    64:71:int hashCode() -> hashCode
    76:79:boolean equals(java.lang.Object) -> equals
    84:84:java.lang.String toString() -> toString
    1:1:java.lang.Object clone() -> clone
org.opencv.core.TermCriteria -> org.opencv.core.x:
    int COUNT -> a
    int MAX_ITER -> b
    int EPS -> c
    int type -> d
    int maxCount -> e
    double epsilon -> f
    58:67:void set(double[]) -> a
    70:70:org.opencv.core.TermCriteria clone() -> a
    75:84:int hashCode() -> hashCode
    89:92:boolean equals(java.lang.Object) -> equals
    97:98:java.lang.String toString() -> toString
    1:1:java.lang.Object clone() -> clone
org.opencv.engine.OpenCVEngineInterface -> by:
    int getEngineVersion() -> a
    java.lang.String getLibPathByVersion(java.lang.String) -> a
    boolean installVersion(java.lang.String) -> b
    java.lang.String getLibraryList(java.lang.String) -> c
org.opencv.engine.OpenCVEngineInterface$Stub -> by$a:
    java.lang.String DESCRIPTOR -> e
    int TRANSACTION_getEngineVersion -> a
    int TRANSACTION_getLibPathByVersion -> b
    int TRANSACTION_installVersion -> c
    int TRANSACTION_getLibraryList -> d
    26:33:org.opencv.engine.OpenCVEngineInterface asInterface(android.os.IBinder) -> a
    37:37:android.os.IBinder asBinder() -> asBinder
    41:87:boolean onTransact(int,android.os.Parcel,android.os.Parcel,int) -> onTransact
org.opencv.engine.OpenCVEngineInterface$Stub$Proxy -> by$a$a:
    android.os.IBinder mRemote -> a
    98:98:android.os.IBinder asBinder() -> asBinder
    102:102:java.lang.String getInterfaceDescriptor() -> b
    109:122:int getEngineVersion() -> a
    131:145:java.lang.String getLibPathByVersion(java.lang.String) -> a
    154:168:boolean installVersion(java.lang.String) -> b
    177:191:java.lang.String getLibraryList(java.lang.String) -> c
org.opencv.features2d.DMatch -> org.opencv.features2d.a:
    int queryIdx -> a
    int trainIdx -> b
    int imgIdx -> c
    float distance -> d
    48:48:boolean lessThan(org.opencv.features2d.DMatch) -> a
    53:53:java.lang.String toString() -> toString